2024-09-22 17:16:06,092 [INFO] Activator:177 - 


2024-09-22 17:16:06,093 [INFO] Activator:178 - !SESSION log4j initialized
2024-09-22 17:16:33,973 [INFO] McuFinderGlobals:39 - Set McuFinder mode to 2 (CubeIDE integrated)
2024-09-22 17:16:34,052 [INFO] ApplicationProperties:181 - Using Application install path: C:\ST\STM32CubeIDE_1.7.0\STM32CubeIDE\plugins\com.st.stm32cube.common.mx_6.3.0.202107141111
2024-09-22 17:16:34,059 [INFO] DbMcusXml:74 - Set database path to: C:\ST\STM32CubeIDE_1.7.0\STM32CubeIDE\plugins\com.st.stm32cube.common.mx_6.3.0.202107141111\\db\/mcu/
2024-09-22 17:16:34,061 [INFO] DbBoardsPdsc:56 - Set plugin database path to: C:\ST\STM32CubeIDE_1.7.0\STM32CubeIDE\plugins\com.st.stm32cube.common.mx_6.3.0.202107141111\\db\/plugins/boardmanager/
2024-09-22 17:16:34,062 [INFO] DbMcus:258 - Set plugin images path to: C:\ST\STM32CubeIDE_1.7.0\STM32CubeIDE\plugins\com.st.stm32cube.common.mx_6.3.0.202107141111\\db\/plugins/mcufinder/images/
2024-09-22 17:16:34,062 [INFO] DbBoards:264 - Set plugin images path to: C:\ST\STM32CubeIDE_1.7.0\STM32CubeIDE\plugins\com.st.stm32cube.common.mx_6.3.0.202107141111\\db\/plugins/mcufinder/images/
2024-09-22 17:16:34,064 [INFO] DbExamples:333 - Set plugin images path to: C:\ST\STM32CubeIDE_1.7.0\STM32CubeIDE\plugins\com.st.stm32cube.common.mx_6.3.0.202107141111\\db\/plugins/mcufinder/images/
2024-09-22 17:16:34,067 [INFO] DbMcusAds:119 - Set database path to: C:\Users\NGUYEN GIAP\.stmcufinder\plugins\mcufinder//mcu/
2024-09-22 17:16:34,067 [INFO] DbMcusDocs:110 - Set database path to: C:\Users\NGUYEN GIAP\.stmcufinder\plugins\mcufinder//mcu/
2024-09-22 17:16:34,069 [INFO] DbMcusJson:64 - Set database path to: C:\Users\NGUYEN GIAP\.stmcufinder\plugins\mcufinder//mcu/
2024-09-22 17:16:34,069 [INFO] DbBoardsDocs:110 - Set database path to: C:\Users\NGUYEN GIAP\.stmcufinder\plugins\mcufinder//mcu/
2024-09-22 17:16:34,070 [INFO] DbBoardsJson:57 - Set database path to: C:\Users\NGUYEN GIAP\.stmcufinder\plugins\mcufinder//mcu/
2024-09-22 17:16:34,074 [INFO] CrossReferenceDbSqlite:196 - Set database path to: C:\Users\NGUYEN GIAP\.stmcufinder\plugins\mcufinder//mcu/cs/
2024-09-22 17:16:34,076 [INFO] DbExamplesSqlite:767 - Set database path to: C:\Users\NGUYEN GIAP\.stmcufinder\plugins\mcufinder//mcu/
2024-09-22 17:16:34,147 [INFO] RulesReader:57 - Compatibility file has been processed (242 Rules)
2024-09-22 17:16:34,199 [INFO] DbMcusXml:74 - Set database path to: C:\ST\STM32CubeIDE_1.7.0\STM32CubeIDE\plugins\com.st.stm32cube.common.mx_6.3.0.202107141111\\db\/mcu/
2024-09-22 17:16:34,200 [INFO] DbBoardsPdsc:56 - Set plugin database path to: C:\ST\STM32CubeIDE_1.7.0\STM32CubeIDE\plugins\com.st.stm32cube.common.mx_6.3.0.202107141111\\db\/plugins/boardmanager/
2024-09-22 17:16:34,200 [INFO] DbMcus:258 - Set plugin images path to: C:\ST\STM32CubeIDE_1.7.0\STM32CubeIDE\plugins\com.st.stm32cube.common.mx_6.3.0.202107141111\\db\/plugins/mcufinder/images/
2024-09-22 17:16:34,201 [INFO] DbBoards:264 - Set plugin images path to: C:\ST\STM32CubeIDE_1.7.0\STM32CubeIDE\plugins\com.st.stm32cube.common.mx_6.3.0.202107141111\\db\/plugins/mcufinder/images/
2024-09-22 17:16:34,201 [INFO] DbExamples:333 - Set plugin images path to: C:\ST\STM32CubeIDE_1.7.0\STM32CubeIDE\plugins\com.st.stm32cube.common.mx_6.3.0.202107141111\\db\/plugins/mcufinder/images/
2024-09-22 17:16:34,201 [WARN] DbFile:35 - Overriding database path with different value: C:\Users\NGUYEN GIAP\.stmcufinder\plugins\mcufinder/ => C:\Users\NGUYEN GIAP\.stmcufinder\plugins\mcufinder
2024-09-22 17:16:34,201 [INFO] DbMcusAds:119 - Set database path to: C:\Users\NGUYEN GIAP\.stmcufinder\plugins\mcufinder//mcu/
2024-09-22 17:16:34,201 [WARN] DbFile:35 - Overriding database path with different value: C:\Users\NGUYEN GIAP\.stmcufinder\plugins\mcufinder/ => C:\Users\NGUYEN GIAP\.stmcufinder\plugins\mcufinder
2024-09-22 17:16:34,201 [INFO] DbMcusDocs:110 - Set database path to: C:\Users\NGUYEN GIAP\.stmcufinder\plugins\mcufinder//mcu/
2024-09-22 17:16:34,201 [WARN] DbFile:35 - Overriding database path with different value: C:\Users\NGUYEN GIAP\.stmcufinder\plugins\mcufinder/ => C:\Users\NGUYEN GIAP\.stmcufinder\plugins\mcufinder
2024-09-22 17:16:34,201 [INFO] DbMcusJson:64 - Set database path to: C:\Users\NGUYEN GIAP\.stmcufinder\plugins\mcufinder//mcu/
2024-09-22 17:16:34,201 [WARN] DbFile:35 - Overriding database path with different value: C:\Users\NGUYEN GIAP\.stmcufinder\plugins\mcufinder/ => C:\Users\NGUYEN GIAP\.stmcufinder\plugins\mcufinder
2024-09-22 17:16:34,201 [INFO] DbBoardsDocs:110 - Set database path to: C:\Users\NGUYEN GIAP\.stmcufinder\plugins\mcufinder//mcu/
2024-09-22 17:16:34,201 [WARN] DbFile:35 - Overriding database path with different value: C:\Users\NGUYEN GIAP\.stmcufinder\plugins\mcufinder/ => C:\Users\NGUYEN GIAP\.stmcufinder\plugins\mcufinder
2024-09-22 17:16:34,201 [INFO] DbBoardsJson:57 - Set database path to: C:\Users\NGUYEN GIAP\.stmcufinder\plugins\mcufinder//mcu/
2024-09-22 17:16:34,201 [WARN] DbFile:35 - Overriding database path with different value: C:\Users\NGUYEN GIAP\.stmcufinder\plugins\mcufinder/ => C:\Users\NGUYEN GIAP\.stmcufinder\plugins\mcufinder
2024-09-22 17:16:34,202 [WARN] DbFile:35 - Overriding database path with different value: C:\Users\NGUYEN GIAP\.stmcufinder\plugins\mcufinder/ => C:\Users\NGUYEN GIAP\.stmcufinder\plugins\mcufinder
2024-09-22 17:16:34,202 [INFO] CrossReferenceDbSqlite:196 - Set database path to: C:\Users\NGUYEN GIAP\.stmcufinder\plugins\mcufinder//mcu/cs/
2024-09-22 17:16:34,202 [WARN] DbFile:35 - Overriding database path with different value: C:\Users\NGUYEN GIAP\.stmcufinder\plugins\mcufinder/ => C:\Users\NGUYEN GIAP\.stmcufinder\plugins\mcufinder
2024-09-22 17:16:34,202 [INFO] DbExamplesSqlite:767 - Set database path to: C:\Users\NGUYEN GIAP\.stmcufinder\plugins\mcufinder//mcu/
2024-09-22 17:16:34,240 [INFO] MainPanel:214 - HeapMemory: 268435456
2024-09-22 17:16:34,278 [INFO] DbMcusXml:74 - Set database path to: C:\ST\STM32CubeIDE_1.7.0\STM32CubeIDE\plugins\com.st.stm32cube.common.mx_6.3.0.202107141111\\db\/mcu/
2024-09-22 17:16:34,279 [INFO] DbBoardsPdsc:56 - Set plugin database path to: C:\ST\STM32CubeIDE_1.7.0\STM32CubeIDE\plugins\com.st.stm32cube.common.mx_6.3.0.202107141111\\db\/plugins/boardmanager/
2024-09-22 17:16:34,279 [INFO] DbMcus:258 - Set plugin images path to: C:\ST\STM32CubeIDE_1.7.0\STM32CubeIDE\plugins\com.st.stm32cube.common.mx_6.3.0.202107141111\\db\/plugins/mcufinder/images/
2024-09-22 17:16:34,279 [INFO] DbBoards:264 - Set plugin images path to: C:\ST\STM32CubeIDE_1.7.0\STM32CubeIDE\plugins\com.st.stm32cube.common.mx_6.3.0.202107141111\\db\/plugins/mcufinder/images/
2024-09-22 17:16:34,279 [INFO] DbExamples:333 - Set plugin images path to: C:\ST\STM32CubeIDE_1.7.0\STM32CubeIDE\plugins\com.st.stm32cube.common.mx_6.3.0.202107141111\\db\/plugins/mcufinder/images/
2024-09-22 17:16:34,279 [WARN] DbFile:35 - Overriding database path with different value: C:\Users\NGUYEN GIAP\.stmcufinder\plugins\mcufinder/ => C:\Users\NGUYEN GIAP\.stmcufinder\plugins\mcufinder
2024-09-22 17:16:34,279 [INFO] DbMcusAds:119 - Set database path to: C:\Users\NGUYEN GIAP\.stmcufinder\plugins\mcufinder//mcu/
2024-09-22 17:16:34,279 [WARN] DbFile:35 - Overriding database path with different value: C:\Users\NGUYEN GIAP\.stmcufinder\plugins\mcufinder/ => C:\Users\NGUYEN GIAP\.stmcufinder\plugins\mcufinder
2024-09-22 17:16:34,279 [INFO] DbMcusDocs:110 - Set database path to: C:\Users\NGUYEN GIAP\.stmcufinder\plugins\mcufinder//mcu/
2024-09-22 17:16:34,279 [WARN] DbFile:35 - Overriding database path with different value: C:\Users\NGUYEN GIAP\.stmcufinder\plugins\mcufinder/ => C:\Users\NGUYEN GIAP\.stmcufinder\plugins\mcufinder
2024-09-22 17:16:34,279 [INFO] DbMcusJson:64 - Set database path to: C:\Users\NGUYEN GIAP\.stmcufinder\plugins\mcufinder//mcu/
2024-09-22 17:16:34,279 [WARN] DbFile:35 - Overriding database path with different value: C:\Users\NGUYEN GIAP\.stmcufinder\plugins\mcufinder/ => C:\Users\NGUYEN GIAP\.stmcufinder\plugins\mcufinder
2024-09-22 17:16:34,279 [INFO] DbBoardsDocs:110 - Set database path to: C:\Users\NGUYEN GIAP\.stmcufinder\plugins\mcufinder//mcu/
2024-09-22 17:16:34,279 [WARN] DbFile:35 - Overriding database path with different value: C:\Users\NGUYEN GIAP\.stmcufinder\plugins\mcufinder/ => C:\Users\NGUYEN GIAP\.stmcufinder\plugins\mcufinder
2024-09-22 17:16:34,280 [INFO] DbBoardsJson:57 - Set database path to: C:\Users\NGUYEN GIAP\.stmcufinder\plugins\mcufinder//mcu/
2024-09-22 17:16:34,280 [WARN] DbFile:35 - Overriding database path with different value: C:\Users\NGUYEN GIAP\.stmcufinder\plugins\mcufinder/ => C:\Users\NGUYEN GIAP\.stmcufinder\plugins\mcufinder
2024-09-22 17:16:34,280 [WARN] DbFile:35 - Overriding database path with different value: C:\Users\NGUYEN GIAP\.stmcufinder\plugins\mcufinder/ => C:\Users\NGUYEN GIAP\.stmcufinder\plugins\mcufinder
2024-09-22 17:16:34,280 [INFO] CrossReferenceDbSqlite:196 - Set database path to: C:\Users\NGUYEN GIAP\.stmcufinder\plugins\mcufinder//mcu/cs/
2024-09-22 17:16:34,280 [WARN] DbFile:35 - Overriding database path with different value: C:\Users\NGUYEN GIAP\.stmcufinder\plugins\mcufinder/ => C:\Users\NGUYEN GIAP\.stmcufinder\plugins\mcufinder
2024-09-22 17:16:34,280 [INFO] DbExamplesSqlite:767 - Set database path to: C:\Users\NGUYEN GIAP\.stmcufinder\plugins\mcufinder//mcu/
2024-09-22 17:16:34,292 [INFO] ApplicationProperties:181 - Using Application install path: C:\ST\STM32CubeIDE_1.7.0\STM32CubeIDE\plugins\com.st.stm32cube.common.mx_6.3.0.202107141111
2024-09-22 17:16:34,293 [INFO] PluginManage:188 - Search for loadable plugins [exclusion list=, ]
2024-09-22 17:16:34,293 [INFO] PluginManage:302 - Check plugin analytics
2024-09-22 17:16:34,389 [INFO] AnalyticsPlugin:257 - Accepted Software Licenses: 
2024-09-22 17:16:34,390 [INFO] AnalyticsPlugin:259 - Accepted CMSIS Pack Licenses: 
2024-09-22 17:16:34,390 [INFO] AnalyticsPlugin:261 - Accepted Firmware Licenses: 
2024-09-22 17:16:34,390 [INFO] PluginManage:352 - Loaded plugin analytics (category:tool,tabindex:-1)
2024-09-22 17:16:34,390 [INFO] PluginManage:302 - Check plugin clock
2024-09-22 17:16:34,397 [INFO] PluginManage:352 - Loaded plugin clock (category:base,tabindex:2)
2024-09-22 17:16:34,398 [INFO] PluginManage:302 - Check plugin ddr
2024-09-22 17:16:34,399 [INFO] PluginManage:352 - Loaded plugin ddr (category:tool,tabindex:6)
2024-09-22 17:16:34,399 [INFO] PluginManage:302 - Check plugin filemanager
2024-09-22 17:16:34,482 [INFO] PluginManage:352 - Loaded plugin filemanager (category:base,tabindex:10)
2024-09-22 17:16:34,482 [INFO] PluginManage:302 - Check plugin ipmanager
2024-09-22 17:16:34,489 [INFO] PluginManage:352 - Loaded plugin ipmanager (category:base,tabindex:5)
2024-09-22 17:16:34,489 [INFO] PluginManage:302 - Check plugin pinoutandconfiguration
2024-09-22 17:16:34,496 [INFO] PluginManage:352 - Loaded plugin pinoutandconfiguration (category:base,tabindex:1)
2024-09-22 17:16:34,496 [INFO] PluginManage:302 - Check plugin pinoutconfig
2024-09-22 17:16:34,515 [INFO] PluginManage:352 - Loaded plugin pinoutconfig (category:base,tabindex:0)
2024-09-22 17:16:34,515 [INFO] PluginManage:302 - Check plugin power
2024-09-22 17:16:34,521 [INFO] PluginManage:352 - Loaded plugin power (category:power,tabindex:4)
2024-09-22 17:16:34,521 [INFO] PluginManage:302 - Check plugin projectmanager
2024-09-22 17:16:34,533 [INFO] PluginManage:352 - Loaded plugin projectmanager (category:projectmanager,tabindex:3)
2024-09-22 17:16:34,534 [INFO] PluginManage:302 - Check plugin thirdparty
2024-09-22 17:16:34,607 [INFO] PluginManage:352 - Loaded plugin thirdparty (category:base,tabindex:-1)
2024-09-22 17:16:34,607 [INFO] PluginManage:302 - Check plugin tools
2024-09-22 17:16:34,607 [WARN] IntegrityCheckThread:78 - waiting for thirdparty lock release [integrity check]
2024-09-22 17:16:34,608 [INFO] IntegrityCheckThread:80 - entering critical section [integrity check]
2024-09-22 17:16:34,608 [INFO] ThirdPartyUpdaterWithRetryManager:66 - Updater plugin not ready yet. [1/15]
2024-09-22 17:16:34,609 [INFO] PluginManage:352 - Loaded plugin tools (category:base,tabindex:7)
2024-09-22 17:16:34,609 [INFO] PluginManage:302 - Check plugin tutovideos
2024-09-22 17:16:34,737 [INFO] PluginManage:352 - Loaded plugin tutovideos (category:base,tabindex:-1)
2024-09-22 17:16:34,737 [INFO] PluginManage:302 - Check plugin updater
2024-09-22 17:16:34,745 [INFO] PluginManage:352 - Loaded plugin updater (category:base,tabindex:12)
2024-09-22 17:16:34,746 [INFO] PluginManage:275 - PluginManage : Loaded plugins [13]
2024-09-22 17:16:34,850 [INFO] PinOutPanel:1463 - setPackage(No Configuration,No Configuration)
2024-09-22 17:16:34,909 [INFO] IPUIPlugin:74 - create IPUIPlugin
2024-09-22 17:16:34,909 [INFO] PluginManager:213 - loadIPPluginJar : add adc
2024-09-22 17:16:34,911 [INFO] IPUIPlugin:74 - create IPUIPlugin
2024-09-22 17:16:34,911 [INFO] PluginManager:213 - loadIPPluginJar : add aes
2024-09-22 17:16:34,913 [INFO] IPUIPlugin:74 - create IPUIPlugin
2024-09-22 17:16:34,913 [INFO] PluginManager:213 - loadIPPluginJar : add can
2024-09-22 17:16:34,914 [INFO] IPUIPlugin:74 - create IPUIPlugin
2024-09-22 17:16:34,914 [INFO] PluginManager:213 - loadIPPluginJar : add comp
2024-09-22 17:16:34,916 [INFO] IPUIPlugin:74 - create IPUIPlugin
2024-09-22 17:16:34,916 [INFO] PluginManager:213 - loadIPPluginJar : add cryp
2024-09-22 17:16:34,917 [INFO] IPUIPlugin:74 - create IPUIPlugin
2024-09-22 17:16:34,918 [INFO] PluginManager:213 - loadIPPluginJar : add dfsdm
2024-09-22 17:16:34,921 [INFO] IPUIPlugin:74 - create IPUIPlugin
2024-09-22 17:16:34,922 [INFO] PluginManager:213 - loadIPPluginJar : add dma
2024-09-22 17:16:34,923 [INFO] IPUIPlugin:74 - create IPUIPlugin
2024-09-22 17:16:34,923 [INFO] PluginManager:213 - loadIPPluginJar : add dma3
2024-09-22 17:16:34,924 [INFO] IPUIPlugin:74 - create IPUIPlugin
2024-09-22 17:16:34,924 [INFO] PluginManager:213 - loadIPPluginJar : add fatfs
2024-09-22 17:16:34,927 [INFO] IPUIPlugin:74 - create IPUIPlugin
2024-09-22 17:16:34,927 [INFO] PluginManager:213 - loadIPPluginJar : add fmc
2024-09-22 17:16:34,931 [INFO] IPUIPlugin:74 - create IPUIPlugin
2024-09-22 17:16:34,931 [INFO] PluginManager:213 - loadIPPluginJar : add freertos
2024-09-22 17:16:34,932 [INFO] IPUIPlugin:74 - create IPUIPlugin
2024-09-22 17:16:34,932 [INFO] PluginManager:213 - loadIPPluginJar : add genericplugin
2024-09-22 17:16:34,933 [INFO] IPUIPlugin:74 - create IPUIPlugin
2024-09-22 17:16:34,933 [INFO] PluginManager:213 - loadIPPluginJar : add gfxmmu
2024-09-22 17:16:34,936 [INFO] IPUIPlugin:74 - create IPUIPlugin
2024-09-22 17:16:34,937 [INFO] PluginManager:213 - loadIPPluginJar : add gic
2024-09-22 17:16:34,939 [INFO] IPUIPlugin:74 - create IPUIPlugin
2024-09-22 17:16:34,939 [INFO] PluginManager:213 - loadIPPluginJar : add gpio
2024-09-22 17:16:34,940 [INFO] IPUIPlugin:74 - create IPUIPlugin
2024-09-22 17:16:34,940 [INFO] PluginManager:213 - loadIPPluginJar : add gtzc
2024-09-22 17:16:34,942 [INFO] IPUIPlugin:74 - create IPUIPlugin
2024-09-22 17:16:34,942 [INFO] PluginManager:213 - loadIPPluginJar : add hash
2024-09-22 17:16:34,943 [INFO] IPUIPlugin:74 - create IPUIPlugin
2024-09-22 17:16:34,943 [INFO] PluginManager:213 - loadIPPluginJar : add i2c
2024-09-22 17:16:34,945 [INFO] IPUIPlugin:74 - create IPUIPlugin
2024-09-22 17:16:34,945 [INFO] PluginManager:213 - loadIPPluginJar : add i2s
2024-09-22 17:16:34,947 [INFO] IPUIPlugin:74 - create IPUIPlugin
2024-09-22 17:16:34,947 [INFO] PluginManager:213 - loadIPPluginJar : add ipddr
2024-09-22 17:16:34,952 [INFO] IPUIPlugin:74 - create IPUIPlugin
2024-09-22 17:16:34,952 [INFO] PluginManager:213 - loadIPPluginJar : add linkedlist
2024-09-22 17:16:34,953 [INFO] IPUIPlugin:74 - create IPUIPlugin
2024-09-22 17:16:34,953 [INFO] PluginManager:213 - loadIPPluginJar : add lorawan
2024-09-22 17:16:34,954 [INFO] IPUIPlugin:74 - create IPUIPlugin
2024-09-22 17:16:34,954 [INFO] PluginManager:213 - loadIPPluginJar : add ltdc
2024-09-22 17:16:34,957 [INFO] IPUIPlugin:74 - create IPUIPlugin
2024-09-22 17:16:34,957 [INFO] PluginManager:213 - loadIPPluginJar : add mdma
2024-09-22 17:16:34,959 [INFO] IPUIPlugin:74 - create IPUIPlugin
2024-09-22 17:16:34,959 [INFO] PluginManager:213 - loadIPPluginJar : add nvic
2024-09-22 17:16:34,960 [INFO] IPUIPlugin:74 - create IPUIPlugin
2024-09-22 17:16:34,961 [INFO] PluginManager:213 - loadIPPluginJar : add opamp
2024-09-22 17:16:34,962 [INFO] IPUIPlugin:74 - create IPUIPlugin
2024-09-22 17:16:34,962 [INFO] PluginManager:213 - loadIPPluginJar : add openamp
2024-09-22 17:16:34,964 [INFO] IPUIPlugin:74 - create IPUIPlugin
2024-09-22 17:16:34,964 [INFO] PluginManager:213 - loadIPPluginJar : add pdm2pcm
2024-09-22 17:16:34,968 [INFO] IPUIPlugin:74 - create IPUIPlugin
2024-09-22 17:16:34,970 [INFO] PluginManager:213 - loadIPPluginJar : add plateformsettings
2024-09-22 17:16:34,971 [INFO] IPUIPlugin:74 - create IPUIPlugin
2024-09-22 17:16:34,971 [INFO] PluginManager:213 - loadIPPluginJar : add quadspi
2024-09-22 17:16:34,973 [INFO] IPUIPlugin:74 - create IPUIPlugin
2024-09-22 17:16:34,973 [INFO] PluginManager:213 - loadIPPluginJar : add resmgrutility
2024-09-22 17:16:34,975 [INFO] IPUIPlugin:74 - create IPUIPlugin
2024-09-22 17:16:34,975 [INFO] PluginManager:213 - loadIPPluginJar : add sai
2024-09-22 17:16:34,977 [INFO] IPUIPlugin:74 - create IPUIPlugin
2024-09-22 17:16:34,977 [INFO] PluginManager:213 - loadIPPluginJar : add spi
2024-09-22 17:16:34,979 [INFO] IPUIPlugin:74 - create IPUIPlugin
2024-09-22 17:16:34,980 [INFO] PluginManager:213 - loadIPPluginJar : add stm32_wpan
2024-09-22 17:16:34,981 [INFO] IPUIPlugin:74 - create IPUIPlugin
2024-09-22 17:16:34,981 [INFO] PluginManager:213 - loadIPPluginJar : add tim
2024-09-22 17:16:34,983 [INFO] IPUIPlugin:74 - create IPUIPlugin
2024-09-22 17:16:34,983 [INFO] PluginManager:213 - loadIPPluginJar : add touchsensing
2024-09-22 17:16:34,984 [INFO] IPUIPlugin:74 - create IPUIPlugin
2024-09-22 17:16:34,984 [INFO] PluginManager:213 - loadIPPluginJar : add tracer_emb
2024-09-22 17:16:34,985 [INFO] IPUIPlugin:74 - create IPUIPlugin
2024-09-22 17:16:34,985 [INFO] PluginManager:213 - loadIPPluginJar : add ts
2024-09-22 17:16:34,986 [INFO] IPUIPlugin:74 - create IPUIPlugin
2024-09-22 17:16:34,986 [INFO] PluginManager:213 - loadIPPluginJar : add tsc
2024-09-22 17:16:34,987 [INFO] IPUIPlugin:74 - create IPUIPlugin
2024-09-22 17:16:34,987 [INFO] PluginManager:213 - loadIPPluginJar : add ucpd
2024-09-22 17:16:34,989 [INFO] IPUIPlugin:74 - create IPUIPlugin
2024-09-22 17:16:34,989 [INFO] PluginManager:213 - loadIPPluginJar : add usart
2024-09-22 17:16:34,991 [INFO] IPUIPlugin:74 - create IPUIPlugin
2024-09-22 17:16:34,991 [INFO] PluginManager:213 - loadIPPluginJar : add usbx
2024-09-22 17:16:35,210 [FATAL] Updater:294 - Updater called before beeing initialized
2024-09-22 17:16:35,287 [FATAL] Updater:294 - Updater called before beeing initialized
2024-09-22 17:16:35,291 [INFO] DbMcusAds:47 - JSON generation date=Fri Sep 20 20:04:23 ICT 2024 (1726837463113)
2024-09-22 17:16:35,291 [FATAL] Updater:294 - Updater called before beeing initialized
2024-09-22 17:16:35,315 [WARN] DetailPanel:314 - Failed to get advertising image, set to default
2024-09-22 17:16:35,377 [FATAL] Updater:294 - Updater called before beeing initialized
2024-09-22 17:16:35,379 [FATAL] Updater:294 - Updater called before beeing initialized
2024-09-22 17:16:35,379 [FATAL] Updater:294 - Updater called before beeing initialized
2024-09-22 17:16:35,379 [WARN] DetailPanel:314 - Failed to get advertising image, set to default
2024-09-22 17:16:35,380 [FATAL] Updater:294 - Updater called before beeing initialized
2024-09-22 17:16:35,437 [ERROR] Updater:1075 - MainUpdater not yet initialized. External WinMGr cannot be set.
2024-09-22 17:16:35,439 [INFO] Updater:1012 - Updater Version found : 6.3.0
2024-09-22 17:16:35,458 [INFO] ApplicationProperties:181 - Using Application install path: C:\ST\STM32CubeIDE_1.7.0\STM32CubeIDE\plugins\com.st.stm32cube.common.mx_6.3.0.202107141111
2024-09-22 17:16:35,710 [INFO] MainUpdater:2671 - connection check result : 10
2024-09-22 17:16:35,711 [INFO] MainUpdater:265 - Updater Check For Update Now.
2024-09-22 17:16:35,711 [INFO] MicroXplorer:478 - Change Database Version : DB.6.0.30
2024-09-22 17:16:35,866 [INFO] CheckServerUpdateThread:112 - End of CheckServer Thread
2024-09-22 17:16:35,928 [INFO] MainUpdater:2671 - connection check result : 10
2024-09-22 17:16:36,128 [INFO] McuFinderGlobals:52 - Set McuFinderConnectedMode to false
2024-09-22 17:16:36,228 [INFO] CrossSelectorPresenter:1330 - Cross Selector saved comparison directory: C:\Users\NGUYEN GIAP\.stmcufinder\plugins\mcufinder\mcu\cs_comparisons_mx
2024-09-22 17:16:36,234 [INFO] MultiScanPanel:197 - Auto-refresh data requested => check proxy status ongoing
2024-09-22 17:16:36,234 [INFO] MultiScanPanel:201 - Proxy status is invalid
2024-09-22 17:16:36,239 [INFO] FinderPluginLoader:87 - Searching for filters in installed packs
2024-09-22 17:16:36,240 [INFO] DbMcusXml:100 - Load MCU database from C:\ST\STM32CubeIDE_1.7.0\STM32CubeIDE\plugins\com.st.stm32cube.common.mx_6.3.0.202107141111\\db\/mcu/families.xml
2024-09-22 17:16:36,993 [INFO] DbMcusJson:93 - JSON generation date=Tue Nov 16 23:17:54 ICT 2021 (1637079474)
2024-09-22 17:16:37,696 [INFO] DbMcus:175 - Found 1951 MCUs (1903 are supported by CubeMX, 1914 are visible in CubeMX)
2024-09-22 17:16:37,696 [INFO] ApiDb:251 - Load user favorites file C:\Users\NGUYEN GIAP/.stm32cubeide/favorites.mcus.txt: 0 item(s)
2024-09-22 17:16:37,696 [INFO] ApiDb:255 - User favorites MCUs=[]
2024-09-22 17:16:37,697 [INFO] DbMcus:187 - Set 0 / 0 favorites MCUs
2024-09-22 17:16:37,795 [ERROR] Engine:463 - C:\Users\NGUYEN GIAP\.stm32cubemx\thirdparties\pdsc\STMicroelectronics.FP-SNS-MOTENVWB1.1.4.0.pdsc: PDSC version is not supported
2024-09-22 17:16:37,804 [ERROR] Engine:463 - C:\Users\NGUYEN GIAP\.stm32cubemx\thirdparties\pdsc\STMicroelectronics.X-CUBE-SMBUS.2.1.0.pdsc: PDSC version is not supported
2024-09-22 17:16:37,859 [WARN] PackLoader:238 - Cannot read IP mode file for STMicroelectronics.X-CUBE-AZRTOS-F7.1.1.0
2024-09-22 17:16:37,930 [WARN] PackLoader:238 - Cannot read IP mode file for STMicroelectronics.X-CUBE-MEMS1.11.0.0
2024-09-22 17:16:38,232 [ERROR] Engine:463 - C:\Users\NGUYEN GIAP\.stm32cubemx\thirdparties\pdsc\STMicroelectronics.FP-SNS-FLIGHT1.5.0.2.pdsc: PDSC version is not supported
2024-09-22 17:16:38,236 [ERROR] Engine:463 - C:\Users\NGUYEN GIAP\.stm32cubemx\thirdparties\pdsc\STMicroelectronics.X-CUBE-DISPLAY.3.0.0.pdsc: PDSC version is not supported
2024-09-22 17:16:38,241 [WARN] PackLoader:238 - Cannot read IP mode file for STMicroelectronics.X-CUBE-BLE1.7.0.0
2024-09-22 17:16:38,243 [ERROR] Engine:463 - C:\Users\NGUYEN GIAP\.stm32cubemx\thirdparties\pdsc\emotas.I-CUBE-CANOPEN.1.3.0.pdsc: PDSC version is not supported
2024-09-22 17:16:38,245 [ERROR] Engine:463 - C:\Users\NGUYEN GIAP\.stm32cubemx\thirdparties\pdsc\STMicroelectronics.X-CUBE-BLEMGR.3.1.0.pdsc: PDSC version is not supported
2024-09-22 17:16:38,247 [ERROR] Engine:463 - C:\Users\NGUYEN GIAP\.stm32cubemx\thirdparties\pdsc\STMicroelectronics.FP-SNS-SMARTAG2.1.2.0.pdsc: PDSC version is not supported
2024-09-22 17:16:38,255 [INFO] LogOutputStream:76 - [STDOUT_REDIRECT] 1 : Invalid condition id : UX_CORESTACK_Condition cause : null
2024-09-22 17:16:38,256 [INFO] LogOutputStream:76 - [STDOUT_REDIRECT] 1 : Invalid condition id : UX_CORESTACK_Condition cause : null
2024-09-22 17:16:38,257 [INFO] LogOutputStream:76 - [STDOUT_REDIRECT] 1 : Invalid condition id : UX_CORESTACK_Condition cause : null
2024-09-22 17:16:38,258 [INFO] LogOutputStream:76 - [STDOUT_REDIRECT] 1 : Invalid condition id : UX_CORESTACK_Condition cause : null
2024-09-22 17:16:38,259 [INFO] LogOutputStream:76 - [STDOUT_REDIRECT] 1 : Invalid condition id : UX_CORESTACK_Condition cause : null
2024-09-22 17:16:38,262 [WARN] PackLoader:238 - Cannot read IP mode file for STMicroelectronics.X-CUBE-AZRTOS-WL.2.0.0
2024-09-22 17:16:38,265 [ERROR] Engine:463 - C:\Users\NGUYEN GIAP\.stm32cubemx\thirdparties\pdsc\STMicroelectronics.FP-SNS-MOTENV1.5.0.0.pdsc: PDSC version is not supported
2024-09-22 17:16:38,268 [WARN] PackLoader:238 - Cannot read IP mode file for wolfSSL.I-CUBE-wolfMQTT.1.19.0
2024-09-22 17:16:38,279 [WARN] PackLoader:238 - Cannot read IP mode file for WES.I-CUBE-Cesium.1.3.0
2024-09-22 17:16:38,282 [WARN] PackLoader:238 - Cannot read IP mode file for STMicroelectronics.X-CUBE-BLE2.3.3.0
2024-09-22 17:16:38,286 [ERROR] Engine:463 - C:\Users\NGUYEN GIAP\.stm32cubemx\thirdparties\pdsc\STMicroelectronics.X-CUBE-TCPP.4.1.0.pdsc: PDSC version is not supported
2024-09-22 17:16:38,301 [WARN] PackLoader:238 - Cannot read IP mode file for STMicroelectronics.X-CUBE-AZRTOS-G0.1.1.0
2024-09-22 17:16:38,308 [WARN] PackLoader:238 - Cannot read IP mode file for STMicroelectronics.X-CUBE-SAFEA1.1.2.2
2024-09-22 17:16:38,320 [WARN] PackLoader:238 - Cannot read IP mode file for STMicroelectronics.X-CUBE-NFC4.3.0.0
2024-09-22 17:16:38,324 [ERROR] Engine:463 - C:\Users\NGUYEN GIAP\.stm32cubemx\thirdparties\pdsc\EmbeddedOffice.I-CUBE-FS-RTOS.1.0.1.pdsc: PDSC version is not supported
2024-09-22 17:16:38,326 [ERROR] Engine:463 - C:\Users\NGUYEN GIAP\.stm32cubemx\thirdparties\pdsc\RealThread.X-CUBE-RT-Thread_Nano.4.1.1.pdsc: PDSC version is not supported
2024-09-22 17:16:38,329 [INFO] DetailPanel:309 - Set advertising image to C:/Users/NGUYEN GIAP/STM32Cube/Repository/\en.prom-stm32c071-usb-memories-mcu-finder.png
2024-09-22 17:16:38,329 [WARN] PackLoader:238 - Cannot read IP mode file for STMicroelectronics.FP-ATR-SIGFOX1.3.2.0
2024-09-22 17:16:38,332 [WARN] PackLoader:238 - Cannot read IP mode file for wolfSSL.I-CUBE-wolfSSL.5.7.2
2024-09-22 17:16:38,338 [WARN] PackLoader:238 - Cannot read IP mode file for STMicroelectronics.X-CUBE-EEPRMA1.5.1.0
2024-09-22 17:16:38,343 [ERROR] Engine:463 - C:\Users\NGUYEN GIAP\.stm32cubemx\thirdparties\pdsc\ITTIA_DB.I-CUBE-ITTIADB.8.9.0.pdsc: PDSC version is not supported
2024-09-22 17:16:38,383 [WARN] PackLoader:238 - Cannot read IP mode file for SEGGER.I-CUBE-embOS.1.3.1
2024-09-22 17:16:38,437 [WARN] PackLoader:238 - Cannot read IP mode file for STMicroelectronics.X-CUBE-ALGOBUILD.1.4.0
2024-09-22 17:16:38,442 [WARN] PackLoader:238 - Cannot read IP mode file for STMicroelectronics.X-CUBE-GNSS1.6.0.0
2024-09-22 17:16:38,479 [WARN] PackLoader:238 - Cannot read IP mode file for STMicroelectronics.X-CUBE-AZRTOS-F4.1.1.0
2024-09-22 17:16:38,490 [WARN] PackLoader:238 - Cannot read IP mode file for STMicroelectronics.X-CUBE-ISPU.2.1.0
2024-09-22 17:16:38,494 [ERROR] Engine:463 - C:\Users\NGUYEN GIAP\.stm32cubemx\thirdparties\pdsc\STMicroelectronics.X-CUBE-FREERTOS.1.2.0.pdsc: PDSC version is not supported
2024-09-22 17:16:38,526 [WARN] PackLoader:238 - Cannot read IP mode file for STMicroelectronics.X-CUBE-AZRTOS-L5.2.0.0
2024-09-22 17:16:38,543 [WARN] PackLoader:238 - Cannot read IP mode file for STMicroelectronics.X-CUBE-NFC6.3.1.0
2024-09-22 17:16:38,560 [ERROR] Engine:463 - C:\Users\NGUYEN GIAP\.stm32cubemx\thirdparties\pdsc\STMicroelectronics.X-CUBE-DPower.1.2.0.pdsc: PDSC version is not supported
2024-09-22 17:16:38,570 [WARN] PackLoader:238 - Cannot read IP mode file for STMicroelectronics.X-CUBE-AI.9.0.0
2024-09-22 17:16:38,577 [WARN] PackLoader:238 - Cannot read IP mode file for STMicroelectronics.X-CUBE-NFC7.1.0.1
2024-09-22 17:16:38,611 [WARN] ConditionMgr:437 - getConditionDescription Invalid condition id : LAN8742 Phy interface Condition cause : null
2024-09-22 17:16:38,612 [WARN] PackLoader:238 - Cannot read IP mode file for STMicroelectronics.X-CUBE-AZRTOS-L4.2.0.0
2024-09-22 17:16:38,614 [WARN] ConditionMgr:1038 - genDependencies : Invalid condition id : LAN8742 Phy interface Condition cause : null
2024-09-22 17:16:38,615 [WARN] ConditionMgr:1038 - genDependencies : Invalid condition id : LAN8742 Phy interface Condition cause : null
2024-09-22 17:16:38,616 [WARN] ConditionMgr:1038 - genDependencies : Invalid condition id : LAN8742 Phy interface Condition cause : null
2024-09-22 17:16:38,627 [WARN] PackLoader:238 - Cannot read IP mode file for STMicroelectronics.X-CUBE-SFXS2LP1.4.0.0
2024-09-22 17:16:38,653 [WARN] PackLoader:238 - Cannot read IP mode file for STMicroelectronics.X-CUBE-AZRTOS-H7.3.3.0
2024-09-22 17:16:38,667 [WARN] ConditionMgr:437 - getConditionDescription Invalid condition id : UX DEVICE CLASS RTOS Condition cause : null
2024-09-22 17:16:38,668 [WARN] ConditionMgr:437 - getConditionDescription Invalid condition id : UX DEVICE CLASS RTOS Condition cause : null
2024-09-22 17:16:38,669 [WARN] PackLoader:238 - Cannot read IP mode file for STMicroelectronics.X-CUBE-AZRTOS-WB.2.0.0
2024-09-22 17:16:38,670 [WARN] ConditionMgr:1038 - genDependencies : Invalid condition id : UX DEVICE CLASS RTOS Condition cause : null
2024-09-22 17:16:38,670 [WARN] ConditionMgr:1038 - genDependencies : Invalid condition id : UX DEVICE CLASS RTOS Condition cause : null
2024-09-22 17:16:38,670 [WARN] ConditionMgr:1038 - genDependencies : Invalid condition id : UX DEVICE CLASS RTOS Condition cause : null
2024-09-22 17:16:38,682 [WARN] ConditionMgr:1038 - genDependencies : Invalid condition id : UX DEVICE CLASS RTOS Condition cause : null
2024-09-22 17:16:38,682 [WARN] ConditionMgr:1038 - genDependencies : Invalid condition id : UX DEVICE CLASS RTOS Condition cause : null
2024-09-22 17:16:38,687 [WARN] PackLoader:238 - Cannot read IP mode file for STMicroelectronics.X-CUBE-GNSS1.7.0.0
2024-09-22 17:16:38,691 [ERROR] Engine:463 - C:\Users\NGUYEN GIAP\.stm32cubemx\thirdparties\pdsc\STMicroelectronics.FP-SNS-STBOX1.2.0.0.pdsc: PDSC version is not supported
2024-09-22 17:16:38,711 [WARN] PackLoader:238 - Cannot read IP mode file for STMicroelectronics.X-CUBE-SUBG2.5.0.0
2024-09-22 17:16:38,718 [ERROR] Engine:463 - C:\Users\NGUYEN GIAP\.stm32cubemx\thirdparties\pdsc\Cesanta.I-CUBE-Mongoose.7.13.0.pdsc: PDSC version is not supported
2024-09-22 17:16:38,734 [WARN] PackLoader:238 - Cannot read IP mode file for STMicroelectronics.X-CUBE-AZRTOS-G4.2.0.0
2024-09-22 17:16:38,739 [WARN] PackLoader:238 - Cannot read IP mode file for STMicroelectronics.X-CUBE-ISPU.2.0.0
2024-09-22 17:16:38,742 [ERROR] Engine:463 - C:\Users\NGUYEN GIAP\.stm32cubemx\thirdparties\pdsc\STMicroelectronics.X-CUBE-ALS.1.0.2.pdsc: PDSC version is not supported
2024-09-22 17:16:38,746 [WARN] PackLoader:238 - Cannot read IP mode file for STMicroelectronics.X-CUBE-TOUCHGFX.4.24.0
2024-09-22 17:16:38,750 [WARN] PackLoader:238 - Cannot read IP mode file for STMicroelectronics.X-CUBE-TOUCHGFX.4.24.1
2024-09-22 17:16:38,753 [WARN] PackLoader:238 - Cannot read IP mode file for wolfSSL.I-CUBE-wolfTPM.3.4.0
2024-09-22 17:16:38,758 [WARN] PackLoader:238 - Cannot read IP mode file for portGmbH.I-Cube-SoM-uGOAL.1.1.0
2024-09-22 17:16:38,777 [WARN] PackLoader:238 - Cannot read IP mode file for STMicroelectronics.X-CUBE-AZRTOS-H7RS.1.0.0
2024-09-22 17:16:38,783 [WARN] PackLoader:238 - Cannot read IP mode file for STMicroelectronics.FP-ATR-ASTRA1.2.0.0
2024-09-22 17:16:38,787 [ERROR] Engine:463 - C:\Users\NGUYEN GIAP\.stm32cubemx\thirdparties\pdsc\STMicroelectronics.X-CUBE-TOF1.3.4.2.pdsc: PDSC version is not supported
2024-09-22 17:16:38,791 [ERROR] Engine:463 - C:\Users\NGUYEN GIAP\.stm32cubemx\thirdparties\pdsc\Infineon.AIROC-Wi-Fi-Bluetooth-STM32.1.6.1.pdsc: PDSC version is not supported
2024-09-22 17:16:38,793 [WARN] PackLoader:238 - Cannot read IP mode file for wolfSSL.I-CUBE-wolfSSH.1.4.17
2024-09-22 17:16:38,794 [INFO] ThirdParty:915 - Integrity check success = true
2024-09-22 17:16:38,794 [INFO] IntegrityCheckThread:94 - exiting critical section [integrity check]
2024-09-22 17:16:38,794 [INFO] IntegrityCheckThread:97 - End integrity checks thread
2024-09-22 17:16:38,802 [INFO] DbBoardsPdsc:90 - Found 25 items
2024-09-22 17:16:38,804 [INFO] DbBoardsPdsc:90 - Found 9 items
2024-09-22 17:16:38,806 [INFO] DbBoardsPdsc:90 - Found 33 items
2024-09-22 17:16:38,806 [INFO] DbBoardsPdsc:90 - Found 1 items
2024-09-22 17:16:38,810 [INFO] DbBoardsPdsc:90 - Found 48 items
2024-09-22 17:16:38,814 [INFO] DbBoardsPdsc:90 - Found 43 items
2024-09-22 17:16:38,815 [INFO] DbBoardsPdsc:90 - Found 2 items
2024-09-22 17:16:38,816 [INFO] DbBoardsPdsc:90 - Found 5 items
2024-09-22 17:16:38,818 [WARN] DbBoardsPdsc:254 - Board STM32H7B3I-DK: unknown feature type=Audio, name=, username=Audio stereo codec with Headphone Amp (CS42L51-CNZ), n=1
2024-09-22 17:16:38,818 [WARN] DbBoardsPdsc:254 - Board STM32H735G-DK: unknown feature type=Audio, name=, username=Audio stereo codec with Headphone Amp (WM8994ECS/R), n=1
2024-09-22 17:16:38,820 [WARN] DbBoardsPdsc:254 - Board STM32H7B3I-EVAL: unknown feature type=Audio, name=, username=Multi-Channel Audio Codec (CS42L51-CNZ), n=1
2024-09-22 17:16:38,820 [WARN] DbBoardsPdsc:254 - Board STM32H7B3I-EVAL: unknown feature type=Meter, name=, username=Power-metering and Temperature-monitoring with sigma-delta modulators, n=1
2024-09-22 17:16:38,821 [WARN] DbBoardsPdsc:254 - Board STM32H7B3I-EVAL: unknown feature type=Motor, name=, username=Motor Control, n=1
2024-09-22 17:16:38,822 [WARN] DbBoardsPdsc:254 - Board STM32U575I-EV: unknown feature type=joystick, name=, username=4-direction joystick with selection button, n=1
2024-09-22 17:16:38,843 [INFO] DbBoardsJson:86 - JSON generation date=Tue Nov 16 23:17:54 ICT 2021 (1637079474)
2024-09-22 17:16:38,850 [INFO] DbBoards:117 - Found 167 boards (163 are supported by CubeMX)
2024-09-22 17:16:38,853 [INFO] DbBoardsDocs:143 - JSON generation date=Tue Nov 16 23:17:54 ICT 2021 (1637079474)
2024-09-22 17:16:38,857 [INFO] DbBoardsDocs:79 - Found 209 boards documents
2024-09-22 17:16:38,857 [WARN] DbBoards:127 - board B-L475E-IOT01A2 has no document id list !
2024-09-22 17:16:38,859 [WARN] DbBoards:127 - board NUCLEO-H743ZI has no document id list !
2024-09-22 17:16:38,860 [WARN] DbBoards:127 - board NUCLEO-WL55JC2 has no document id list !
2024-09-22 17:16:38,860 [WARN] DbBoards:127 - board P-NUCLEO-WB55-Nucleo has no document id list !
2024-09-22 17:16:38,860 [WARN] DbBoards:127 - board P-NUCLEO-WB55-USBDongle has no document id list !
2024-09-22 17:16:38,860 [WARN] DbBoards:127 - board STEVAL-BFA001V1B has no document id list !
2024-09-22 17:16:38,860 [WARN] DbBoards:127 - board STEVAL-BFA001V2B has no document id list !
2024-09-22 17:16:38,860 [WARN] DbBoards:127 - board STEVAL-IDP005V1 has no document id list !
2024-09-22 17:16:38,860 [WARN] DbBoards:127 - board STEVAL-IDP005V2 has no document id list !
2024-09-22 17:16:38,860 [WARN] DbBoards:127 - board STEVAL-MKSBOX1V1 has no document id list !
2024-09-22 17:16:38,860 [WARN] DbBoards:127 - board STEVAL-STWINKT1 has no document id list !
2024-09-22 17:16:38,860 [WARN] DbBoards:127 - board STEVAL-STWINKT1B has no document id list !
2024-09-22 17:16:38,861 [WARN] DbBoards:127 - board STM32439I-EVAL2 has no document id list !
2024-09-22 17:16:38,861 [WARN] DbBoards:127 - board STM32F401C-DISCO has no document id list !
2024-09-22 17:16:38,861 [WARN] DbBoards:127 - board STM32F769I-DISC1 has no document id list !
2024-09-22 17:16:38,862 [WARN] DbBoards:127 - board STM32G474E-EVAL1 has no document id list !
2024-09-22 17:16:38,862 [WARN] DbBoards:127 - board STM32H743I-EVAL2 has no document id list !
2024-09-22 17:16:38,862 [WARN] DbBoards:127 - board STM32H747I-DISC1 has no document id list !
2024-09-22 17:16:38,862 [WARN] DbBoards:127 - board STM32H753I-EVAL2 has no document id list !
2024-09-22 17:16:38,862 [WARN] DbBoards:127 - board STM32L-DISCOVERY has no document id list !
2024-09-22 17:16:38,967 [ERROR] DbBoards:189 - Image file not found for board B-U585I-IOT02A: C:\ST\STM32CubeIDE_1.7.0\STM32CubeIDE\plugins\com.st.stm32cube.common.mx_6.3.0.202107141111\\db\/plugins/mcufinder/images/boards/B-U585I-IOT02A_small.jpg
2024-09-22 17:16:39,062 [ERROR] DbBoards:189 - Image file not found for board NUCLEO-F413ZH: C:\ST\STM32CubeIDE_1.7.0\STM32CubeIDE\plugins\com.st.stm32cube.common.mx_6.3.0.202107141111\\db\/plugins/mcufinder/images/boards/nucleo-f413zh_small.jpg
2024-09-22 17:16:39,255 [ERROR] DbBoards:189 - Image file not found for board NUCLEO-L552ZE-Q: C:\ST\STM32CubeIDE_1.7.0\STM32CubeIDE\plugins\com.st.stm32cube.common.mx_6.3.0.202107141111\\db\/plugins/mcufinder/images/boards/nucleo_l552ze_q_small.jpg
2024-09-22 17:16:39,255 [ERROR] DbBoards:189 - Image file not found for board NUCLEO-U575ZI-Q: C:\ST\STM32CubeIDE_1.7.0\STM32CubeIDE\plugins\com.st.stm32cube.common.mx_6.3.0.202107141111\\db\/plugins/mcufinder/images/boards/nucleo-u575zi-q_small.jpg
2024-09-22 17:16:39,256 [ERROR] DbBoards:189 - Image file not found for board NUCLEO-WB15CC: C:\ST\STM32CubeIDE_1.7.0\STM32CubeIDE\plugins\com.st.stm32cube.common.mx_6.3.0.202107141111\\db\/plugins/mcufinder/images/boards/nucleo-wb15cc_small.jpg
2024-09-22 17:16:39,256 [ERROR] DbBoards:189 - Image file not found for board NUCLEO-WB55RG: C:\ST\STM32CubeIDE_1.7.0\STM32CubeIDE\plugins\com.st.stm32cube.common.mx_6.3.0.202107141111\\db\/plugins/mcufinder/images/boards/nucleo-wb55rg_small.jpg
2024-09-22 17:16:40,154 [INFO] ApiDb:251 - Load user favorites file C:\Users\NGUYEN GIAP/.stm32cubeide/favorites.boards.txt: 0 item(s)
2024-09-22 17:16:40,154 [INFO] ApiDb:255 - User favorites Boards=[]
2024-09-22 17:16:40,154 [INFO] DbBoards:206 - Set 0 / 0 favorites Boards
2024-09-22 17:17:00,109 [INFO] DbMcusDocs:143 - JSON generation date=Tue Nov 16 23:17:54 ICT 2021 (1637079474)
2024-09-22 17:17:00,424 [INFO] DbMcusDocs:79 - Found 682 MCUs documents
2024-09-22 17:17:41,111 [INFO] MainUpdater:2671 - connection check result : 10
2024-09-22 17:17:41,111 [INFO] MainUpdater:2671 - connection check result : 10
2024-09-22 17:17:41,137 [INFO] MicroXplorer:448 - Change Database Path : 
2024-09-22 17:17:41,137 [INFO] MicroXplorer:478 - Change Database Version : DB.6.0.30
2024-09-22 17:17:41,137 [WARN] ThirdParty:813 - waiting for thirdparty lock release [close project]
2024-09-22 17:17:41,137 [INFO] ThirdParty:815 - entering critical section [close project]
2024-09-22 17:17:41,138 [INFO] ThirdParty:825 - exiting critical section [close project]
2024-09-22 17:17:41,141 [INFO] PinOutPanel:1463 - setPackage(No Configuration,No Configuration)
2024-09-22 17:17:41,142 [INFO] UtilMem:74 - Begin LoadConfig() Used Memory: 633688984 Bytes (682622976)
2024-09-22 17:17:41,143 [INFO] MicroXplorer:448 - Change Database Path : 
2024-09-22 17:17:41,143 [INFO] MicroXplorer:478 - Change Database Version : DB.6.0.30
2024-09-22 17:17:41,143 [INFO] OpenFileManager:313 - Change cursor
2024-09-22 17:17:41,747 [INFO] Context:592 - Trying to add GPIOservice into a context  which must be forbidden
2024-09-22 17:17:41,953 [INFO] ImportTextPane:167 - (OptionalMessage_ERROR) Unable to find key (Mcu.ThirdPartyNb) in loaded IOC file
2024-09-22 17:17:41,954 [INFO] ImportTextPane:167 - (OptionalMessage_ERROR) Unable to find key (Mcu.PinsNb) in loaded IOC file
2024-09-22 17:17:41,954 [INFO] ImportTextPane:167 - (OptionalMessage_ERROR) Unable to find key (Mcu.IPNb) in loaded IOC file
2024-09-22 17:17:41,992 [WARN] ApiManager:304 - Cannot register API 'Board Extension:GNSS1A1' from pack STMicroelectronics.X-CUBE-GNSS1.6.0.0: no header file found
2024-09-22 17:17:41,992 [WARN] ApiManager:304 - Cannot register API 'Board Support:Custom' from pack STMicroelectronics.X-CUBE-GNSS1.6.0.0: no header file found
2024-09-22 17:17:41,992 [WARN] ApiManager:304 - Cannot register API 'Data Exchange:lib_gnss' from pack STMicroelectronics.X-CUBE-GNSS1.6.0.0: no header file found
2024-09-22 17:17:41,998 [WARN] ApiManager:304 - Cannot register API 'Board Extension:GNSS1A1' from pack STMicroelectronics.X-CUBE-GNSS1.7.0.0: no header file found
2024-09-22 17:17:41,998 [WARN] ApiManager:304 - Cannot register API 'Board Support:Custom' from pack STMicroelectronics.X-CUBE-GNSS1.7.0.0: no header file found
2024-09-22 17:17:41,998 [WARN] ApiManager:304 - Cannot register API 'Data Exchange:lib_gnss' from pack STMicroelectronics.X-CUBE-GNSS1.7.0.0: no header file found
2024-09-22 17:17:42,004 [WARN] ApiManager:304 - Cannot register API 'Board Extension:NFC06A1' from pack STMicroelectronics.X-CUBE-NFC6.3.1.0: no header file found
2024-09-22 17:17:42,004 [WARN] ApiManager:304 - Cannot register API 'Board Extension:NFC08A1' from pack STMicroelectronics.X-CUBE-NFC6.3.1.0: no header file found
2024-09-22 17:17:42,167 [WARN] ApiManager:304 - Cannot register API 'Board Extension:IKS01A3' from pack STMicroelectronics.X-CUBE-MEMS1.11.0.0: no header file found
2024-09-22 17:17:42,167 [WARN] ApiManager:304 - Cannot register API 'Board Extension:IKS02A1' from pack STMicroelectronics.X-CUBE-MEMS1.11.0.0: no header file found
2024-09-22 17:17:42,167 [WARN] ApiManager:304 - Cannot register API 'Board Extension:IKS4A1' from pack STMicroelectronics.X-CUBE-MEMS1.11.0.0: no header file found
2024-09-22 17:17:42,175 [INFO] RtosManager:484 - Registered RTOS mode: class=CMSIS, group=RTOS, mode=CMSIS_V1, owner=FREERTOS
2024-09-22 17:17:42,175 [INFO] RtosManager:484 - Registered RTOS mode: class=CMSIS, group=RTOS2, mode=CMSIS_V2, owner=FREERTOS
2024-09-22 17:17:42,175 [INFO] RtosManager:484 - Registered RTOS mode: class=RTOS, group=Core, mode=CMSIS_V1, owner=FREERTOS
2024-09-22 17:17:42,175 [INFO] RtosManager:484 - Registered RTOS mode: class=RTOS, group=Core, mode=CMSIS_V2, owner=FREERTOS
2024-09-22 17:17:42,175 [WARN] ModelIntegratedComponent:181 - Missing modes for component STMicroelectronics:FreeRTOS:0.0.1:STMicroelectronics:RTOS:FreeRTOS:Core:::10.2.0:
2024-09-22 17:17:42,176 [WARN] ApiManager:304 - Cannot register API 'Board Extension:STSAFEA1' from pack STMicroelectronics.X-CUBE-SAFEA1.1.2.2: no header file found
2024-09-22 17:17:42,176 [WARN] ApiManager:304 - Cannot register API 'Board Part:STSAFEA110' from pack STMicroelectronics.X-CUBE-SAFEA1.1.2.2: no header file found
2024-09-22 17:17:42,176 [WARN] ApiManager:304 - Cannot register API 'Security:ST_Cryptolib' from pack STMicroelectronics.X-CUBE-SAFEA1.1.2.2: no header file found
2024-09-22 17:17:42,176 [WARN] ApiManager:304 - Cannot register API 'Security:MbedTLS' from pack STMicroelectronics.X-CUBE-SAFEA1.1.2.2: no header file found
2024-09-22 17:17:42,177 [WARN] ApiManager:304 - Cannot register API 'Board Extension:NFC04A1' from pack STMicroelectronics.X-CUBE-NFC4.3.0.0: no header file found
2024-09-22 17:17:42,179 [WARN] ApiManager:304 - Cannot register API 'Board Extension:S2868A1' from pack STMicroelectronics.X-CUBE-SUBG2.5.0.0: no header file found
2024-09-22 17:17:42,179 [WARN] ApiManager:304 - Cannot register API 'Board Extension:S2868A2' from pack STMicroelectronics.X-CUBE-SUBG2.5.0.0: no header file found
2024-09-22 17:17:42,179 [WARN] ApiManager:304 - Cannot register API 'Board Extension:S2915A1' from pack STMicroelectronics.X-CUBE-SUBG2.5.0.0: no header file found
2024-09-22 17:17:42,181 [WARN] ApiManager:304 - Cannot register API 'Wireless:BlueNRG-MS' from pack STMicroelectronics.X-CUBE-BLE1.7.0.0: no header file found
2024-09-22 17:17:42,182 [WARN] ApiManager:304 - Cannot register API 'Board Extension:EEPRMA2' from pack STMicroelectronics.X-CUBE-EEPRMA1.5.1.0: no header file found
2024-09-22 17:17:42,182 [WARN] ApiManager:304 - Cannot register API 'Board Extension:PGEEZ1' from pack STMicroelectronics.X-CUBE-EEPRMA1.5.1.0: no header file found
2024-09-22 17:17:42,182 [WARN] ApiManager:304 - Cannot register API 'Board Extension:EEICA1' from pack STMicroelectronics.X-CUBE-EEPRMA1.5.1.0: no header file found
2024-09-22 17:17:42,182 [WARN] ApiManager:304 - Cannot register API 'Board Part:M24' from pack STMicroelectronics.X-CUBE-EEPRMA1.5.1.0: no header file found
2024-09-22 17:17:42,182 [WARN] ApiManager:304 - Cannot register API 'Board Part:M95' from pack STMicroelectronics.X-CUBE-EEPRMA1.5.1.0: no header file found
2024-09-22 17:17:42,182 [WARN] ApiManager:304 - Cannot register API 'Board Part:M95P32' from pack STMicroelectronics.X-CUBE-EEPRMA1.5.1.0: no header file found
2024-09-22 17:17:42,182 [WARN] ApiManager:304 - Cannot register API 'Board Part:M24256E-F' from pack STMicroelectronics.X-CUBE-EEPRMA1.5.1.0: no header file found
2024-09-22 17:17:42,182 [WARN] ApiManager:304 - Cannot register API 'Board Part:M24M01E-F' from pack STMicroelectronics.X-CUBE-EEPRMA1.5.1.0: no header file found
2024-09-22 17:17:42,182 [WARN] ApiManager:304 - Cannot register API 'PGEEZ1:SPI' from pack STMicroelectronics.X-CUBE-EEPRMA1.5.1.0: no header file found
2024-09-22 17:17:42,182 [WARN] ApiManager:304 - Cannot register API 'PGEEZ1:QDSPI' from pack STMicroelectronics.X-CUBE-EEPRMA1.5.1.0: no header file found
2024-09-22 17:17:42,184 [WARN] ModelIntegratedComponent:60 - No mode defined for component null
2024-09-22 17:17:42,184 [WARN] ModelIntegratedComponent:60 - No mode defined for component null
2024-09-22 17:17:42,184 [WARN] ModelIntegratedComponent:60 - No mode defined for component null
2024-09-22 17:17:42,184 [WARN] ModelIntegratedComponent:60 - No mode defined for component null
2024-09-22 17:17:42,184 [WARN] ModelIntegratedComponent:60 - No mode defined for component null
2024-09-22 17:17:42,184 [WARN] ModelIntegratedComponent:60 - No mode defined for component null
2024-09-22 17:17:42,184 [WARN] ModelIntegratedComponent:60 - No mode defined for component null
2024-09-22 17:17:42,184 [WARN] ModelIntegratedComponent:60 - No mode defined for component null
2024-09-22 17:17:42,184 [WARN] ModelIntegratedComponent:60 - No mode defined for component null
2024-09-22 17:17:42,184 [WARN] ModelIntegratedComponent:60 - No mode defined for component null
2024-09-22 17:17:42,184 [WARN] ModelIntegratedComponent:60 - No mode defined for component null
2024-09-22 17:17:42,184 [WARN] ModelIntegratedComponent:60 - No mode defined for component null
2024-09-22 17:17:42,184 [WARN] ModelIntegratedComponent:60 - No mode defined for component null
2024-09-22 17:17:42,184 [WARN] ModelIntegratedComponent:60 - No mode defined for component null
2024-09-22 17:17:42,184 [WARN] ModelIntegratedComponent:60 - No mode defined for component null
2024-09-22 17:17:42,184 [WARN] ModelIntegratedComponent:60 - No mode defined for component null
2024-09-22 17:17:42,184 [WARN] ModelIntegratedComponent:60 - No mode defined for component null
2024-09-22 17:17:42,184 [WARN] ModelIntegratedComponent:60 - No mode defined for component null
2024-09-22 17:17:42,184 [WARN] ModelIntegratedComponent:60 - No mode defined for component null
2024-09-22 17:17:42,184 [WARN] ModelIntegratedComponent:60 - No mode defined for component null
2024-09-22 17:17:42,184 [WARN] ModelIntegratedComponent:60 - No mode defined for component null
2024-09-22 17:17:42,185 [WARN] ModelIntegratedComponent:60 - No mode defined for component null
2024-09-22 17:17:42,185 [WARN] ModelIntegratedComponent:60 - No mode defined for component null
2024-09-22 17:17:42,185 [WARN] ModelIntegratedComponent:60 - No mode defined for component null
2024-09-22 17:17:42,185 [WARN] ModelIntegratedComponent:60 - No mode defined for component null
2024-09-22 17:17:42,185 [WARN] ModelIntegratedComponent:60 - No mode defined for component null
2024-09-22 17:17:42,185 [WARN] ModelIntegratedComponent:60 - No mode defined for component null
2024-09-22 17:17:42,185 [WARN] ModelIntegratedComponent:60 - No mode defined for component null
2024-09-22 17:17:42,185 [WARN] ModelIntegratedComponent:60 - No mode defined for component null
2024-09-22 17:17:42,185 [WARN] ModelIntegratedComponent:60 - No mode defined for component null
2024-09-22 17:17:42,185 [WARN] ModelIntegratedComponent:60 - No mode defined for component null
2024-09-22 17:17:42,186 [WARN] ApiManager:304 - Cannot register API 'Board Extension:NFC07A1' from pack STMicroelectronics.X-CUBE-NFC7.1.0.1: no header file found
2024-09-22 17:17:42,191 [WARN] ApiManager:304 - Cannot register API 'Board Extension:S2868A1' from pack STMicroelectronics.X-CUBE-SFXS2LP1.4.0.0: no header file found
2024-09-22 17:17:42,192 [WARN] ApiManager:304 - Cannot register API 'Board Extension:S2868A2' from pack STMicroelectronics.X-CUBE-SFXS2LP1.4.0.0: no header file found
2024-09-22 17:17:42,192 [WARN] ApiManager:304 - Cannot register API 'Board Extension:S2915A1' from pack STMicroelectronics.X-CUBE-SFXS2LP1.4.0.0: no header file found
2024-09-22 17:17:42,192 [WARN] ApiManager:304 - Cannot register API 'Wireless:BlueNRG-2' from pack STMicroelectronics.X-CUBE-BLE2.3.3.0: no header file found
2024-09-22 17:17:44,093 [INFO] UtilMem:74 - End LoadConfig() Used Memory: 632049208 Bytes (707788800)
2024-09-22 17:17:44,095 [WARN] ThirdParty:779 - waiting for thirdparty lock release [change project]
2024-09-22 17:17:44,095 [INFO] ThirdParty:781 - entering critical section [change project]
2024-09-22 17:17:44,095 [INFO] ThirdParty:967 - CMSIS Pack Vendor :STMicroelectronics X-CUBE-AZRTOS-H7 3.3.0
2024-09-22 17:17:44,095 [INFO] ThirdParty:967 - CMSIS Pack Vendor :STMicroelectronics X-CUBE-GNSS1 6.0.0
2024-09-22 17:17:44,095 [INFO] ThirdParty:967 - CMSIS Pack Vendor :STMicroelectronics USB_HOST 2.0.0
2024-09-22 17:17:44,095 [INFO] ThirdParty:967 - CMSIS Pack Vendor :STMicroelectronics X-CUBE-AZRTOS-F4 1.1.0
2024-09-22 17:17:44,095 [INFO] ThirdParty:967 - CMSIS Pack Vendor :STMicroelectronics USB_DEVICE 3.0.0
2024-09-22 17:17:44,095 [INFO] ThirdParty:967 - CMSIS Pack Vendor :STMicroelectronics X-CUBE-ISPU 2.1.0
2024-09-22 17:17:44,095 [INFO] ThirdParty:967 - CMSIS Pack Vendor :STMicroelectronics X-CUBE-AZRTOS-WB 2.0.0
2024-09-22 17:17:44,095 [INFO] ThirdParty:967 - CMSIS Pack Vendor :STMicroelectronics X-CUBE-GNSS1 7.0.0
2024-09-22 17:17:44,095 [INFO] ThirdParty:967 - CMSIS Pack Vendor :STMicroelectronics X-CUBE-AZRTOS-F7 1.1.0
2024-09-22 17:17:44,095 [INFO] ThirdParty:967 - CMSIS Pack Vendor :STMicroelectronics X-CUBE-AZRTOS-L5 2.0.0
2024-09-22 17:17:44,096 [INFO] ThirdParty:967 - CMSIS Pack Vendor :STMicroelectronics USB_DEVICE 2.0.0
2024-09-22 17:17:44,096 [INFO] ThirdParty:967 - CMSIS Pack Vendor :STMicroelectronics X-CUBE-NFC6 3.1.0
2024-09-22 17:17:44,096 [INFO] ThirdParty:967 - CMSIS Pack Vendor :STMicroelectronics X-CUBE-MEMS1 11.0.0
2024-09-22 17:17:44,096 [INFO] ThirdParty:967 - CMSIS Pack Vendor :STMicroelectronics FreeRTOS 0.0.1
2024-09-22 17:17:44,096 [INFO] ThirdParty:967 - CMSIS Pack Vendor :STMicroelectronics X-CUBE-AZRTOS-G0 1.1.0
2024-09-22 17:17:44,096 [INFO] ThirdParty:967 - CMSIS Pack Vendor :STMicroelectronics X-CUBE-SAFEA1 1.2.2
2024-09-22 17:17:44,096 [INFO] ThirdParty:967 - CMSIS Pack Vendor :STMicroelectronics X-CUBE-NFC4 3.0.0
2024-09-22 17:17:44,096 [INFO] ThirdParty:967 - CMSIS Pack Vendor :STMicroelectronics X-CUBE-SUBG2 5.0.0
2024-09-22 17:17:44,096 [INFO] ThirdParty:967 - CMSIS Pack Vendor :STMicroelectronics lwIP 2.0.3
2024-09-22 17:17:44,096 [INFO] ThirdParty:967 - CMSIS Pack Vendor :STMicroelectronics USB_HOST 1.0.0
2024-09-22 17:17:44,096 [INFO] ThirdParty:967 - CMSIS Pack Vendor :STMicroelectronics X-CUBE-AI 9.0.0
2024-09-22 17:17:44,096 [INFO] ThirdParty:967 - CMSIS Pack Vendor :STMicroelectronics X-CUBE-AZRTOS-G4 2.0.0
2024-09-22 17:17:44,096 [INFO] ThirdParty:967 - CMSIS Pack Vendor :STMicroelectronics PDM2PCM 3.1.0
2024-09-22 17:17:44,096 [INFO] ThirdParty:967 - CMSIS Pack Vendor :STMicroelectronics PDM2PCM 3.3.0
2024-09-22 17:17:44,096 [INFO] ThirdParty:967 - CMSIS Pack Vendor :STMicroelectronics X-CUBE-BLE1 7.0.0
2024-09-22 17:17:44,096 [INFO] ThirdParty:967 - CMSIS Pack Vendor :STMicroelectronics FP-ATR-SIGFOX1 3.2.0
2024-09-22 17:17:44,096 [INFO] ThirdParty:967 - CMSIS Pack Vendor :wolfSSL I-CUBE-wolfSSL 5.7.2
2024-09-22 17:17:44,096 [INFO] ThirdParty:967 - CMSIS Pack Vendor :STMicroelectronics X-CUBE-ISPU 2.0.0
2024-09-22 17:17:44,096 [INFO] ThirdParty:967 - CMSIS Pack Vendor :STMicroelectronics X-CUBE-EEPRMA1 5.1.0
2024-09-22 17:17:44,096 [INFO] ThirdParty:967 - CMSIS Pack Vendor :STMicroelectronics HAL Drivers 0.0.0
2024-09-22 17:17:44,096 [INFO] ThirdParty:967 - CMSIS Pack Vendor :STMicroelectronics MBEDTLS 2.16.2
2024-09-22 17:17:44,096 [INFO] ThirdParty:967 - CMSIS Pack Vendor :STMicroelectronics X-CUBE-NFC7 1.0.1
2024-09-22 17:17:44,096 [INFO] ThirdParty:967 - CMSIS Pack Vendor :STMicroelectronics MBEDTLS 2.14.1
2024-09-22 17:17:44,097 [INFO] ThirdParty:967 - CMSIS Pack Vendor :STMicroelectronics X-CUBE-TOUCHGFX 4.24.0
2024-09-22 17:17:44,097 [INFO] ThirdParty:967 - CMSIS Pack Vendor :STMicroelectronics X-CUBE-TOUCHGFX 4.24.1
2024-09-22 17:17:44,097 [INFO] ThirdParty:967 - CMSIS Pack Vendor :wolfSSL I-CUBE-wolfTPM 3.4.0
2024-09-22 17:17:44,097 [INFO] ThirdParty:967 - CMSIS Pack Vendor :portGmbH I-Cube-SoM-uGOAL 1.1.0
2024-09-22 17:17:44,097 [INFO] ThirdParty:967 - CMSIS Pack Vendor :STMicroelectronics X-CUBE-AZRTOS-WL 2.0.0
2024-09-22 17:17:44,097 [INFO] ThirdParty:967 - CMSIS Pack Vendor :SEGGER I-CUBE-embOS 1.3.1
2024-09-22 17:17:44,097 [INFO] ThirdParty:967 - CMSIS Pack Vendor :STMicroelectronics X-CUBE-ALGOBUILD 1.4.0
2024-09-22 17:17:44,097 [INFO] ThirdParty:967 - CMSIS Pack Vendor :STMicroelectronics USB_DEVICE 1.0.0
2024-09-22 17:17:44,097 [INFO] ThirdParty:967 - CMSIS Pack Vendor :STMicroelectronics X-CUBE-AZRTOS-H7RS 1.0.0
2024-09-22 17:17:44,097 [INFO] ThirdParty:967 - CMSIS Pack Vendor :wolfSSL I-CUBE-wolfMQTT 1.19.0
2024-09-22 17:17:44,097 [INFO] ThirdParty:967 - CMSIS Pack Vendor :STMicroelectronics X-CUBE-AZRTOS-L4 2.0.0
2024-09-22 17:17:44,097 [INFO] ThirdParty:967 - CMSIS Pack Vendor :STMicroelectronics ThreadX 0.0.2
2024-09-22 17:17:44,097 [INFO] ThirdParty:967 - CMSIS Pack Vendor :WES I-CUBE-Cesium 1.3.0
2024-09-22 17:17:44,097 [INFO] ThirdParty:967 - CMSIS Pack Vendor :STMicroelectronics FP-ATR-ASTRA1 2.0.0
2024-09-22 17:17:44,097 [INFO] ThirdParty:967 - CMSIS Pack Vendor :STMicroelectronics lwIP 2.1.2
2024-09-22 17:17:44,097 [INFO] ThirdParty:967 - CMSIS Pack Vendor :STMicroelectronics X-CUBE-SFXS2LP1 4.0.0
2024-09-22 17:17:44,097 [INFO] ThirdParty:967 - CMSIS Pack Vendor :STMicroelectronics X-CUBE-BLE2 3.3.0
2024-09-22 17:17:44,097 [INFO] ThirdParty:967 - CMSIS Pack Vendor :STMicroelectronics PDM2PCM 3.2.0
2024-09-22 17:17:44,097 [INFO] ThirdParty:967 - CMSIS Pack Vendor :wolfSSL I-CUBE-wolfSSH 1.4.17
2024-09-22 17:17:44,097 [INFO] ThirdParty:787 - exiting critical section [change project]
2024-09-22 17:17:44,282 [INFO] PinOutPanel:1463 - setPackage(No Configuration,No Configuration)
2024-09-22 17:17:44,283 [INFO] PinOutPanel:1463 - setPackage(STM32F103C6Ux,UFQFPN48)
2024-09-22 17:17:44,618 [INFO] UtilMem:74 - Before build in PCC Used Memory: 670228872 Bytes (722468864)
2024-09-22 17:17:45,117 [INFO] UtilMem:74 - After build in PCC Used Memory: 639076088 Bytes (722468864)
2024-09-22 17:17:45,130 [INFO] IPUIPlugin:74 - create IPUIPlugin
2024-09-22 17:17:45,130 [INFO] IPUIPlugin:74 - create IPUIPlugin
2024-09-22 17:17:45,130 [INFO] IPUIPlugin:74 - create IPUIPlugin
2024-09-22 17:17:45,131 [INFO] IPUIPlugin:74 - create IPUIPlugin
2024-09-22 17:17:45,131 [INFO] IPUIPlugin:74 - create IPUIPlugin
2024-09-22 17:17:45,131 [INFO] IPUIPlugin:74 - create IPUIPlugin
2024-09-22 17:17:45,131 [INFO] IPUIPlugin:74 - create IPUIPlugin
2024-09-22 17:17:45,131 [INFO] IPUIPlugin:74 - create IPUIPlugin
2024-09-22 17:17:45,131 [INFO] IPUIPlugin:74 - create IPUIPlugin
2024-09-22 17:17:45,131 [INFO] IPUIPlugin:74 - create IPUIPlugin
2024-09-22 17:17:45,131 [INFO] IPUIPlugin:74 - create IPUIPlugin
2024-09-22 17:17:45,131 [INFO] IPUIPlugin:74 - create IPUIPlugin
2024-09-22 17:17:45,131 [INFO] IPUIPlugin:74 - create IPUIPlugin
2024-09-22 17:17:45,132 [INFO] IPUIPlugin:74 - create IPUIPlugin
2024-09-22 17:17:45,132 [INFO] IPUIPlugin:74 - create IPUIPlugin
2024-09-22 17:17:45,132 [INFO] IPUIPlugin:74 - create IPUIPlugin
2024-09-22 17:17:45,132 [INFO] IPUIPlugin:74 - create IPUIPlugin
2024-09-22 17:17:45,133 [INFO] IPUIPlugin:74 - create IPUIPlugin
2024-09-22 17:17:45,138 [INFO] IPUIPlugin:74 - create IPUIPlugin
2024-09-22 17:17:45,139 [INFO] IPUIPlugin:74 - create IPUIPlugin
2024-09-22 17:17:45,139 [INFO] IPUIPlugin:74 - create IPUIPlugin
2024-09-22 17:17:45,140 [INFO] IPUIPlugin:74 - create IPUIPlugin
2024-09-22 17:17:45,140 [INFO] IPUIPlugin:74 - create IPUIPlugin
2024-09-22 17:17:45,262 [INFO] OpenFileManager:333 - Restore cursor
2024-09-22 17:17:45,496 [INFO] UtilMem:74 - End SaveConfig() Used Memory: 659654400 Bytes (722468864)
2024-09-22 17:17:45,590 [INFO] UtilMem:74 - End SaveConfig() Used Memory: 654938440 Bytes (722468864)
2024-09-22 17:17:45,934 [INFO] BlockDiagram:2740 - set Specific Code input for plugin: NVIC
2024-09-22 17:17:45,934 [INFO] BlockDiagram:2740 - set Specific Code input for plugin: SYS
2024-09-22 17:17:45,934 [INFO] BlockDiagram:2740 - set Specific Code input for plugin: RCC
2024-09-22 17:17:45,936 [INFO] CodeGenerator:663 - code generatio: config db path: C:\ST\STM32CubeIDE_1.7.0\STM32CubeIDE\plugins\com.st.stm32cube.common.mx_6.3.0.202107141111\\db\
2024-09-22 17:17:46,214 [INFO] CodeEngine:239 - oldGeneratedFile, E:\BKU\Se241\CO3009_MM\Lab1\IDE_Lab1.6-10\IDEExe\MXTmpFiles\license.tmp_save
2024-09-22 17:17:46,544 [INFO] CodeEngine:257 - Generated code: E:\BKU\Se241\CO3009_MM\Lab1\IDE_Lab1.6-10\IDEExe\MXTmpFiles\license.tmp
2024-09-22 17:17:46,638 [INFO] CodeEngine:239 - oldGeneratedFile, E:\BKU\Se241\CO3009_MM\Lab1\IDE_Lab1.6-10\IDEExe\Core\Src\stm32f1xx_it.c_save
2024-09-22 17:17:46,775 [INFO] CodeEngine:257 - Generated code: E:\BKU\Se241\CO3009_MM\Lab1\IDE_Lab1.6-10\IDEExe\Core\Src\stm32f1xx_it.c
2024-09-22 17:17:46,778 [INFO] CodeEngine:239 - oldGeneratedFile, E:\BKU\Se241\CO3009_MM\Lab1\IDE_Lab1.6-10\IDEExe\Core\Inc\stm32f1xx_it.h_save
2024-09-22 17:17:46,856 [INFO] CodeEngine:257 - Generated code: E:\BKU\Se241\CO3009_MM\Lab1\IDE_Lab1.6-10\IDEExe\Core\Inc\stm32f1xx_it.h
2024-09-22 17:17:46,864 [INFO] CodeEngine:239 - oldGeneratedFile, E:\BKU\Se241\CO3009_MM\Lab1\IDE_Lab1.6-10\IDEExe\Core\Src\stm32f1xx_hal_msp.c_save
2024-09-22 17:17:46,945 [INFO] CodeEngine:257 - Generated code: E:\BKU\Se241\CO3009_MM\Lab1\IDE_Lab1.6-10\IDEExe\Core\Src\stm32f1xx_hal_msp.c
2024-09-22 17:17:46,948 [INFO] CodeEngine:239 - oldGeneratedFile, E:\BKU\Se241\CO3009_MM\Lab1\IDE_Lab1.6-10\IDEExe\MXTmpFiles\system.tmp_save
2024-09-22 17:17:46,998 [INFO] CodeEngine:257 - Generated code: E:\BKU\Se241\CO3009_MM\Lab1\IDE_Lab1.6-10\IDEExe\MXTmpFiles\system.tmp
2024-09-22 17:17:47,006 [INFO] CodeEngine:239 - oldGeneratedFile, E:\BKU\Se241\CO3009_MM\Lab1\IDE_Lab1.6-10\IDEExe\Core\Inc\stm32f1xx_hal_conf.h_save
2024-09-22 17:17:47,075 [INFO] CodeEngine:257 - Generated code: E:\BKU\Se241\CO3009_MM\Lab1\IDE_Lab1.6-10\IDEExe\Core\Inc\stm32f1xx_hal_conf.h
2024-09-22 17:17:47,106 [INFO] CodeEngine:239 - oldGeneratedFile, E:\BKU\Se241\CO3009_MM\Lab1\IDE_Lab1.6-10\IDEExe\Core\Inc\main.h_save
2024-09-22 17:17:47,186 [INFO] CodeEngine:257 - Generated code: E:\BKU\Se241\CO3009_MM\Lab1\IDE_Lab1.6-10\IDEExe\Core\Inc\main.h
2024-09-22 17:17:47,188 [INFO] CodeEngine:239 - oldGeneratedFile, E:\BKU\Se241\CO3009_MM\Lab1\IDE_Lab1.6-10\IDEExe\Core\Src\main.c_save
2024-09-22 17:17:47,270 [INFO] CodeEngine:257 - Generated code: E:\BKU\Se241\CO3009_MM\Lab1\IDE_Lab1.6-10\IDEExe\Core\Src\main.c
2024-09-22 17:17:48,092 [INFO] ProjectBuilder:2578 - Time for Copy HAL[1] : 52mS.
2024-09-22 17:17:48,097 [INFO] ProjectBuilder:3622 - Project Generator version: 3.14.1
2024-09-22 17:17:48,538 [INFO] ConfigFileManager:1271 - The Die is : DIE412
2024-09-22 17:17:48,554 [INFO] ApiDbMcu:468 - Load IP Config File for FATFS
2024-09-22 17:17:48,586 [INFO] ApiDbMcu:468 - Load IP Config File for FREERTOS
2024-09-22 17:17:48,611 [INFO] ApiDbMcu:468 - Load IP Config File for USB_DEVICE
2024-09-22 17:17:51,205 [INFO] ProjectBuilder:3789 - Time for Generating toolchain IDE Files: 3108mS.
2024-09-22 17:17:51,206 [INFO] ProjectBuilder:2457 - Time for Copy CMSIS : 1mS.
2024-09-22 17:17:51,207 [INFO] ProjectBuilder:2457 - Time for Copy CMSIS : 0mS.
2024-09-22 17:17:52,118 [INFO] McuFinderGlobals:52 - Set McuFinderConnectedMode to true
2024-09-22 17:17:52,119 [INFO] ApiDb:276 - Save user favorites file C:\Users\NGUYEN GIAP/.stm32cubeide/favorites.mcus.txt: 0 item(s)
2024-09-22 17:17:52,120 [INFO] ApiDb:280 - User favorites MCUs=[]
2024-09-22 17:41:15,218 [INFO] UtilMem:74 - End SaveConfig() Used Memory: 949389872 Bytes (1073741824)
2024-09-22 17:41:21,259 [INFO] UtilMem:74 - End SaveConfig() Used Memory: 863138880 Bytes (1073741824)
2024-09-22 17:41:27,891 [INFO] UtilMem:74 - End SaveConfig() Used Memory: 881955048 Bytes (1073741824)
2024-09-22 17:41:28,254 [INFO] BlockDiagram:2740 - set Specific Code input for plugin: NVIC
2024-09-22 17:41:28,254 [INFO] BlockDiagram:2740 - set Specific Code input for plugin: SYS
2024-09-22 17:41:28,254 [INFO] BlockDiagram:2740 - set Specific Code input for plugin: GPIO
2024-09-22 17:41:28,254 [INFO] BlockDiagram:2740 - set Specific Code input for plugin: RCC
2024-09-22 17:41:28,255 [INFO] CodeGenerator:663 - code generatio: config db path: C:\ST\STM32CubeIDE_1.7.0\STM32CubeIDE\plugins\com.st.stm32cube.common.mx_6.3.0.202107141111\\db\
2024-09-22 17:41:28,545 [INFO] CodeEngine:239 - oldGeneratedFile, E:\BKU\Se241\CO3009_MM\Lab1\IDE_Lab1.6-10\IDEExe\MXTmpFiles\license.tmp_save
2024-09-22 17:41:28,651 [INFO] CodeEngine:257 - Generated code: E:\BKU\Se241\CO3009_MM\Lab1\IDE_Lab1.6-10\IDEExe\MXTmpFiles\license.tmp
2024-09-22 17:41:28,704 [INFO] CodeEngine:239 - oldGeneratedFile, E:\BKU\Se241\CO3009_MM\Lab1\IDE_Lab1.6-10\IDEExe\MXTmpFiles\gpio.tmp_save
2024-09-22 17:41:28,771 [INFO] CodeEngine:257 - Generated code: E:\BKU\Se241\CO3009_MM\Lab1\IDE_Lab1.6-10\IDEExe\MXTmpFiles\gpio.tmp
2024-09-22 17:41:28,828 [INFO] CodeEngine:239 - oldGeneratedFile, E:\BKU\Se241\CO3009_MM\Lab1\IDE_Lab1.6-10\IDEExe\Core\Src\stm32f1xx_it.c_save
2024-09-22 17:41:28,915 [INFO] CodeEngine:257 - Generated code: E:\BKU\Se241\CO3009_MM\Lab1\IDE_Lab1.6-10\IDEExe\Core\Src\stm32f1xx_it.c
2024-09-22 17:41:28,923 [INFO] CodeEngine:239 - oldGeneratedFile, E:\BKU\Se241\CO3009_MM\Lab1\IDE_Lab1.6-10\IDEExe\Core\Inc\stm32f1xx_it.h_save
2024-09-22 17:41:28,972 [INFO] CodeEngine:257 - Generated code: E:\BKU\Se241\CO3009_MM\Lab1\IDE_Lab1.6-10\IDEExe\Core\Inc\stm32f1xx_it.h
2024-09-22 17:41:28,984 [INFO] CodeEngine:239 - oldGeneratedFile, E:\BKU\Se241\CO3009_MM\Lab1\IDE_Lab1.6-10\IDEExe\Core\Src\stm32f1xx_hal_msp.c_save
2024-09-22 17:41:29,062 [INFO] CodeEngine:257 - Generated code: E:\BKU\Se241\CO3009_MM\Lab1\IDE_Lab1.6-10\IDEExe\Core\Src\stm32f1xx_hal_msp.c
2024-09-22 17:41:29,064 [INFO] CodeEngine:239 - oldGeneratedFile, E:\BKU\Se241\CO3009_MM\Lab1\IDE_Lab1.6-10\IDEExe\MXTmpFiles\system.tmp_save
2024-09-22 17:41:29,107 [INFO] CodeEngine:257 - Generated code: E:\BKU\Se241\CO3009_MM\Lab1\IDE_Lab1.6-10\IDEExe\MXTmpFiles\system.tmp
2024-09-22 17:41:29,119 [INFO] CodeEngine:239 - oldGeneratedFile, E:\BKU\Se241\CO3009_MM\Lab1\IDE_Lab1.6-10\IDEExe\Core\Inc\stm32f1xx_hal_conf.h_save
2024-09-22 17:41:29,182 [INFO] CodeEngine:257 - Generated code: E:\BKU\Se241\CO3009_MM\Lab1\IDE_Lab1.6-10\IDEExe\Core\Inc\stm32f1xx_hal_conf.h
2024-09-22 17:41:29,207 [INFO] CodeEngine:239 - oldGeneratedFile, E:\BKU\Se241\CO3009_MM\Lab1\IDE_Lab1.6-10\IDEExe\Core\Inc\main.h_save
2024-09-22 17:41:29,304 [INFO] CodeEngine:257 - Generated code: E:\BKU\Se241\CO3009_MM\Lab1\IDE_Lab1.6-10\IDEExe\Core\Inc\main.h
2024-09-22 17:41:29,317 [INFO] CodeEngine:239 - oldGeneratedFile, E:\BKU\Se241\CO3009_MM\Lab1\IDE_Lab1.6-10\IDEExe\Core\Src\main.c_save
2024-09-22 17:41:29,449 [INFO] CodeEngine:257 - Generated code: E:\BKU\Se241\CO3009_MM\Lab1\IDE_Lab1.6-10\IDEExe\Core\Src\main.c
2024-09-22 17:41:30,626 [INFO] ProjectBuilder:2578 - Time for Copy HAL[1] : 57mS.
2024-09-22 17:41:30,630 [INFO] ProjectBuilder:3622 - Project Generator version: 3.14.1
2024-09-22 17:41:31,074 [INFO] ConfigFileManager:1271 - The Die is : DIE412
2024-09-22 17:41:33,040 [INFO] ProjectBuilder:3789 - Time for Generating toolchain IDE Files: 2410mS.
2024-09-22 17:41:33,041 [INFO] ProjectBuilder:2457 - Time for Copy CMSIS : 1mS.
2024-09-22 17:41:33,043 [INFO] ProjectBuilder:2457 - Time for Copy CMSIS : 0mS.
2024-09-22 23:12:40,596 [INFO] Activator:177 - 


2024-09-22 23:12:40,597 [INFO] Activator:178 - !SESSION log4j initialized
